TN:
SF:src\Components\Forms\Button\index.tsx
FN:11,(anonymous_0)
FNF:1
FNH:1
FNDA:3,(anonymous_0)
DA:11,1
DA:12,3
LF:2
LH:2
BRF:0
BRH:0
end_of_record
TN:
SF:src\Components\Forms\CategorySelectButton\index.tsx
FN:12,(anonymous_0)
FNF:1
FNH:1
FNDA:2,(anonymous_0)
DA:12,1
DA:13,2
LF:2
LH:2
BRF:0
BRH:0
end_of_record
TN:
SF:src\Components\Forms\Input\index.tsx
FN:10,(anonymous_0)
FNF:1
FNH:1
FNDA:5,(anonymous_0)
DA:10,2
DA:11,5
LF:2
LH:2
BRDA:10,0,0,4
BRF:1
BRH:1
end_of_record
TN:
SF:src\Components\Forms\TransactionTypeButton\index.tsx
FN:17,(anonymous_0)
FNF:1
FNH:1
FNDA:4,(anonymous_0)
DA:12,1
DA:17,1
DA:18,4
LF:3
LH:3
BRF:0
BRH:0
end_of_record
TN:
SF:src\Components\HighlightCard\index.tsx
FN:27,(anonymous_0)
FNF:1
FNH:0
FNDA:0,(anonymous_0)
DA:21,0
DA:27,0
DA:28,0
LF:3
LH:0
BRF:0
BRH:0
end_of_record
TN:
SF:src\Components\HistoryCard\index.tsx
FN:11,(anonymous_0)
FNF:1
FNH:0
FNDA:0,(anonymous_0)
DA:11,0
DA:12,0
LF:2
LH:0
BRF:0
BRH:0
end_of_record
TN:
SF:src\Components\InputForm\index.tsx
FN:13,(anonymous_0)
FN:18,(anonymous_1)
FNF:2
FNH:2
FNDA:4,(anonymous_0)
FNDA:4,(anonymous_1)
DA:13,1
DA:14,4
DA:19,4
LF:3
LH:3
BRDA:23,0,0,4
BRDA:23,0,1,0
BRF:2
BRH:1
end_of_record
TN:
SF:src\Components\SignInSocialButton\index.tsx
FN:12,(anonymous_0)
FNF:1
FNH:0
FNDA:0,(anonymous_0)
DA:12,0
DA:13,0
LF:2
LH:0
BRF:0
BRH:0
end_of_record
TN:
SF:src\Components\TransactionCard\index.tsx
FN:26,(anonymous_0)
FN:28,(anonymous_1)
FNF:2
FNH:0
FNDA:0,(anonymous_0)
FNDA:0,(anonymous_1)
DA:26,0
DA:27,0
DA:28,0
DA:31,0
LF:4
LH:0
BRDA:35,0,0,0
BRDA:35,0,1,0
BRF:2
BRH:0
end_of_record
TN:
SF:src\hooks\auth.tsx
FN:44,AuthProvider
FN:50,signIntWithGoogle
FN:83,signWithApple
FN:106,signOut
FN:111,(anonymous_4)
FN:112,loadUserStorageData
FN:134,useAuth
FNF:7
FNH:5
FNDA:2,AuthProvider
FNDA:1,signIntWithGoogle
FNDA:0,signWithApple
FNDA:0,signOut
FNDA:1,(anonymous_4)
FNDA:1,loadUserStorageData
FNDA:4,useAuth
DA:13,2
DA:14,2
DA:42,2
DA:45,2
DA:46,2
DA:48,2
DA:51,1
DA:52,1
DA:53,1
DA:54,1
DA:56,1
DA:58,1
DA:62,1
DA:63,1
DA:66,1
DA:68,1
DA:75,1
DA:76,1
DA:79,0
DA:84,0
DA:85,0
DA:91,0
DA:92,0
DA:98,0
DA:99,0
DA:102,0
DA:107,0
DA:108,0
DA:111,2
DA:113,1
DA:115,1
DA:116,0
DA:117,0
DA:119,1
DA:122,1
DA:125,2
DA:135,4
DA:136,4
LF:38
LH:26
BRDA:62,0,0,1
BRDA:62,0,1,0
BRDA:91,1,0,0
BRDA:91,1,1,0
BRDA:115,2,0,0
BRDA:115,2,1,1
BRF:6
BRH:2
end_of_record
TN:
SF:src\routes\app.routes.tsx
FN:12,(anonymous_0)
FN:31,(anonymous_1)
FN:44,(anonymous_2)
FN:53,(anonymous_3)
FNF:4
FNH:0
FNDA:0,(anonymous_0)
FNDA:0,(anonymous_1)
FNDA:0,(anonymous_2)
FNDA:0,(anonymous_3)
DA:10,0
DA:12,0
DA:13,0
DA:14,0
DA:32,0
DA:45,0
DA:54,0
LF:7
LH:0
BRDA:23,0,0,0
BRDA:23,0,1,0
BRF:2
BRH:0
end_of_record
TN:
SF:src\routes\auth.routes.tsx
FN:7,(anonymous_0)
FNF:1
FNH:0
FNDA:0,(anonymous_0)
DA:5,0
DA:7,0
DA:8,0
LF:3
LH:0
BRF:0
BRH:0
end_of_record
TN:
SF:src\routes\index.tsx
FN:8,Routes
FNF:1
FNH:0
FNDA:0,Routes
DA:6,0
DA:9,0
DA:10,0
LF:3
LH:0
BRDA:12,0,0,0
BRDA:12,0,1,0
BRF:2
BRH:0
end_of_record
TN:
SF:src\screens\CategorySelect\index.tsx
FN:28,(anonymous_0)
FN:33,handleCategorySelect
FN:45,(anonymous_2)
FN:46,(anonymous_3)
FN:48,(anonymous_4)
FN:55,(anonymous_5)
FNF:6
FNH:4
FNDA:1,(anonymous_0)
FNDA:0,handleCategorySelect
FNDA:6,(anonymous_2)
FNDA:6,(anonymous_3)
FNDA:0,(anonymous_4)
FNDA:5,(anonymous_5)
DA:28,1
DA:34,0
DA:37,1
DA:45,6
DA:47,6
DA:48,0
DA:55,5
LF:7
LH:5
BRF:0
BRH:0
end_of_record
TN:
SF:src\screens\Dashboard\index.tsx
FN:41,(anonymous_0)
FN:49,getLastTransactionDate
FN:57,(anonymous_2)
FN:58,(anonymous_3)
FN:68,loadTransactions
FN:78,(anonymous_5)
FN:143,(anonymous_6)
FN:148,(anonymous_7)
FN:198,(anonymous_8)
FN:199,(anonymous_9)
FNF:10
FNH:0
FNDA:0,(anonymous_0)
FNDA:0,getLastTransactionDate
FNDA:0,(anonymous_2)
FNDA:0,(anonymous_3)
FNDA:0,loadTransactions
FNDA:0,(anonymous_5)
FNDA:0,(anonymous_6)
FNDA:0,(anonymous_7)
FNDA:0,(anonymous_8)
FNDA:0,(anonymous_9)
DA:41,0
DA:42,0
DA:43,0
DA:47,0
DA:53,0
DA:57,0
DA:58,0
DA:62,0
DA:69,0
DA:71,0
DA:72,0
DA:74,0
DA:75,0
DA:77,0
DA:79,0
DA:80,0
DA:82,0
DA:85,0
DA:90,0
DA:96,0
DA:106,0
DA:108,0
DA:112,0
DA:117,0
DA:119,0
DA:143,0
DA:144,0
DA:147,0
DA:149,0
DA:153,0
DA:198,0
DA:199,0
LF:32
LH:0
BRDA:72,0,0,0
BRDA:72,0,1,0
BRDA:79,1,0,0
BRDA:79,1,1,0
BRF:4
BRH:0
end_of_record
TN:
SF:src\screens\Profile\index.tsx
FN:4,(anonymous_0)
FN:19,(anonymous_1)
FNF:2
FNH:1
FNDA:3,(anonymous_0)
FNDA:0,(anonymous_1)
DA:4,1
DA:5,3
LF:2
LH:2
BRF:0
BRH:0
end_of_record
TN:
SF:src\screens\Register\index.tsx
FN:38,(anonymous_0)
FN:59,handleRegister
FN:97,handleTransactionTypeSelect
FN:101,handleOpenSelectCategoryModal
FN:105,handleCloseSelectCategoryModal
FN:136,(anonymous_5)
FN:142,(anonymous_6)
FNF:7
FNH:2
FNDA:2,(anonymous_0)
FNDA:0,handleRegister
FNDA:0,handleTransactionTypeSelect
FNDA:1,handleOpenSelectCategoryModal
FNDA:0,handleCloseSelectCategoryModal
FNDA:0,(anonymous_5)
FNDA:0,(anonymous_6)
DA:31,1
DA:38,1
DA:39,2
DA:41,2
DA:45,2
DA:46,2
DA:48,2
DA:55,2
DA:60,0
DA:62,0
DA:63,0
DA:65,0
DA:74,0
DA:75,0
DA:76,0
DA:77,0
DA:79,0
DA:81,0
DA:83,0
DA:84,0
DA:85,0
DA:90,0
DA:92,0
DA:93,0
DA:98,0
DA:102,1
DA:106,0
DA:109,2
DA:136,0
DA:142,0
LF:30
LH:10
BRDA:60,0,0,0
BRDA:60,0,1,0
BRDA:62,1,0,0
BRDA:62,1,1,0
BRDA:77,2,0,0
BRDA:77,2,1,0
BRDA:123,3,0,2
BRDA:123,3,1,0
BRDA:130,4,0,2
BRDA:130,4,1,0
BRF:10
BRH:2
end_of_record
TN:
SF:src\screens\Resume\index.tsx
FN:28,(anonymous_0)
FN:36,loadData
FN:43,(anonymous_2)
FN:48,(anonymous_3)
FN:51,(anonymous_4)
FN:72,(anonymous_5)
FN:87,(anonymous_6)
FN:97,(anonymous_7)
FNF:8
FNH:0
FNDA:0,(anonymous_0)
FNDA:0,loadData
FNDA:0,(anonymous_2)
FNDA:0,(anonymous_3)
FNDA:0,(anonymous_4)
FNDA:0,(anonymous_5)
FNDA:0,(anonymous_6)
FNDA:0,(anonymous_7)
DA:28,0
DA:29,0
DA:32,0
DA:34,0
DA:37,0
DA:39,0
DA:40,0
DA:42,0
DA:43,0
DA:46,0
DA:48,0
DA:49,0
DA:51,0
DA:52,0
DA:53,0
DA:56,0
DA:57,0
DA:62,0
DA:70,0
DA:72,0
DA:73,0
DA:76,0
DA:87,0
DA:98,0
LF:24
LH:0
BRDA:40,0,0,0
BRDA:40,0,1,0
BRDA:52,1,0,0
BRDA:52,1,1,0
BRDA:56,2,0,0
BRDA:56,2,1,0
BRF:6
BRH:0
end_of_record
TN:
SF:src\screens\SignIn\index.tsx
FN:22,(anonymous_0)
FN:28,handleSignIntWithGoogle
FN:38,handleSignIntWithApple
FNF:3
FNH:0
FNDA:0,(anonymous_0)
FNDA:0,handleSignIntWithGoogle
FNDA:0,handleSignIntWithApple
DA:22,0
DA:23,0
DA:25,0
DA:26,0
DA:29,0
DA:30,0
DA:31,0
DA:33,0
DA:34,0
DA:39,0
DA:40,0
DA:41,0
DA:43,0
DA:44,0
DA:48,0
LF:15
LH:0
BRDA:68,0,0,0
BRDA:68,0,1,0
BRDA:77,1,0,0
BRDA:77,1,1,0
BRF:4
BRH:0
end_of_record
